Arguments: 
  C:\Program Files\nodejs\node.exe C:\Users\pacet\AppData\Roaming\npm\node_modules\yarn\bin\yarn.js add ReactDom

PATH: 
  C:\Users\pacet\bin;C:\Program Files\Git\mingw64\bin;C:\Program Files\Git\usr\local\bin;C:\Program Files\Git\usr\bin;C:\Program Files\Git\usr\bin;C:\Program Files\Git\mingw64\bin;C:\Program Files\Git\usr\bin;C:\Users\pacet\bin;C:\Program Files (x86)\Google\Chrome\Application;C:\ffmpeg\bin;C:\Program Files\Oculus\Support\oculus-runtime;C:\Program Files (x86)\Common Files\Intel\Shared Libraries\redist\intel64\compiler;C:\WINDOWS\system32;C:\WINDOWS;C:\WINDOWS\System32\Wbem;C:\WINDOWS\System32\WindowsPowerShell\v1.0;C:\Program Files (x86)\NVIDIA Corporation\PhysX\Common;C:\WINDOWS\System32\OpenSSH;C:\Android;C:\Windows\System32;C:\Users\pacet\AppData\Local\Programs\Python\Python38-32\python.exe;C:\Program Files\NVIDIA Corporation\NVIDIA NvDLISR;C:\Program Files\CMake\bin;C:\Program Files\Git\cmd;C:\Program Files\Git LFS;C:\WINDOWS\system32;C:\WINDOWS;C:\WINDOWS\System32\Wbem;C:\WINDOWS\System32\WindowsPowerShell\v1.0;C:\WINDOWS\System32\OpenSSH;C:\Program Files\Amazon\AWSCLIV2;C:\Program Files\nodejs;C:\Program Files\Docker\Docker\resources\bin;C:\ProgramData\DockerDesktop\version-bin;C:\Ruby27-x64\bin;C:\Users\pacet\AppData\Local\Programs\Python\Python38\Scripts;C:\Users\pacet\AppData\Local\Programs\Python\Python38;C:\python\Scripts;C:\python;C:\Users\pacet\AppData\Local;C:\Ruby27-x64\bin;C:\Users\pacet\AppData\Local\Programs\Python\Python38\Scripts;C:\Users\pacet\AppData\Local\Programs\Python\Python38;C:\python\Scripts;C:\python;C:\Users\pacet\AppData\Local\Microsoft\WindowsApps;C:\Users\pacet\AppData\Local\GitHubDesktop\bin;C:\Users\pacet\AppData\Roaming\Microsoft\Windows\Start Menu\Programs\Python 3.8;F:\New folder\Microsoft VS Code\bin;C:\Users\pacet\AppData\Local\Microsoft\WindowsApps;C:\Users\pacet\AppData\Roaming\npm;C:\Program Files\Git\usr\bin\vendor_perl;C:\Program Files\Git\usr\bin\core_perl

Yarn version: 
  1.22.11

Node version: 
  14.17.1

Platform: 
  win32 x64

Trace: 
  Error: https://registry.yarnpkg.com/ReactDom: Not found
      at Request.params.callback [as _callback] (C:\Users\pacet\AppData\Roaming\npm\node_modules\yarn\lib\cli.js:66992:18)
      at Request.self.callback (C:\Users\pacet\AppData\Roaming\npm\node_modules\yarn\lib\cli.js:140763:22)
      at Request.emit (events.js:375:28)
      at Request.<anonymous> (C:\Users\pacet\AppData\Roaming\npm\node_modules\yarn\lib\cli.js:141735:10)
      at Request.emit (events.js:375:28)
      at IncomingMessage.<anonymous> (C:\Users\pacet\AppData\Roaming\npm\node_modules\yarn\lib\cli.js:141657:12)
      at Object.onceWrapper (events.js:481:28)
      at IncomingMessage.emit (events.js:387:35)
      at endReadableNT (internal/streams/readable.js:1317:12)
      at processTicksAndRejections (internal/process/task_queues.js:82:21)

npm manifest: 
  {
    "dependencies": {
      "react": "^18.1.0",
      "three": "^0.140.2"
    }
  }

yarn manifest: 
  No manifest

Lockfile: 
  # THIS IS AN AUTOGENERATED FILE. DO NOT EDIT THIS FILE DIRECTLY.
  # yarn lockfile v1
  
  
  "js-tokens@^3.0.0 || ^4.0.0":
    version "4.0.0"
    resolved "https://registry.yarnpkg.com/js-tokens/-/js-tokens-4.0.0.tgz#19203fb59991df98e3a287050d4647cdeaf32499"
    integrity sha512-RdJUflcE3cUzKiMqQgsCu06FPu9UdIJO0beYbPhHN4k6apgJtifcoCtT9bcxOpYBtpD2kCM6Sbzg4CausW/PKQ==
  
  loose-envify@^1.1.0:
    version "1.4.0"
    resolved "https://registry.yarnpkg.com/loose-envify/-/loose-envify-1.4.0.tgz#71ee51fa7be4caec1a63839f7e682d8132d30caf"
    integrity sha512-lyuxPGr/Wfhrlem2CL/UcnUc1zcqKAImBDzukY7Y5F/yQiNdko6+fRLevlw1HgMySw7f611UIY408EtxRSoK3Q==
    dependencies:
      js-tokens "^3.0.0 || ^4.0.0"
  
  react@^18.1.0:
    version "18.1.0"
    resolved "https://registry.yarnpkg.com/react/-/react-18.1.0.tgz#6f8620382decb17fdc5cc223a115e2adbf104890"
    integrity sha512-4oL8ivCz5ZEPyclFQXaNksK3adutVS8l2xzZU0cqEFrE9Sb7fC0EFK5uEk74wIreL1DERyjvsU915j1pcT2uEQ==
    dependencies:
      loose-envify "^1.1.0"
  
  three@^0.140.2:
    version "0.140.2"
    resolved "https://registry.yarnpkg.com/three/-/three-0.140.2.tgz#ca0b7390d1ce4f7f2850e80afd00ef48fc244491"
    integrity sha512-DdT/AHm/TbZXEhQKQpGt5/iSgBrmXpjU26FNtj1KhllVPTKj1eG4X/ShyD5W2fngE+I1s1wa4ttC4C3oCJt7Ag==
